  A subdirectory or file M:\sack\vc10\..\include\genxml already exists.
          1 file(s) copied.
  A subdirectory or file M:\sack\vc10\..\include\sexpat already exists.
          1 file(s) copied.
  A subdirectory or file M:\sack\vc10\..\include\sexpat already exists.
          1 file(s) copied.
  A subdirectory or file M:\sack\vc10\..\include\png already exists.
          1 file(s) copied.
  A subdirectory or file M:\sack\vc10\..\include\png already exists.
          1 file(s) copied.
  A subdirectory or file M:\sack\vc10\..\include\png already exists.
          1 file(s) copied.
  A subdirectory or file M:\sack\vc10\..\include\zlib already exists.
          1 file(s) copied.
  A subdirectory or file M:\sack\vc10\..\include\png already exists.
          1 file(s) copied.
  A subdirectory or file M:\sack\vc10\..\include\zlib already exists.
          1 file(s) copied.
          1 file(s) copied.
  xmlparse.c
  xmlrole.c
  xmltok.c
  sha1.c
..\src\sha1lib\sha1.c(144): warning C4244: '=' : conversion from 'uint32_t' to 'uint8_t', possible loss of data
..\src\sha1lib\sha1.c(387): warning C4244: '=' : conversion from 'uint32_t' to 'uint8_t', possible loss of data
..\src\sha1lib\sha1.c(388): warning C4244: '=' : conversion from 'uint32_t' to 'uint8_t', possible loss of data
..\src\sha1lib\sha1.c(389): warning C4244: '=' : conversion from 'uint32_t' to 'uint8_t', possible loss of data
..\src\sha1lib\sha1.c(391): warning C4244: '=' : conversion from 'uint32_t' to 'uint8_t', possible loss of data
..\src\sha1lib\sha1.c(392): warning C4244: '=' : conversion from 'uint32_t' to 'uint8_t', possible loss of data
..\src\sha1lib\sha1.c(393): warning C4244: '=' : conversion from 'uint32_t' to 'uint8_t', possible loss of data
  sqlite3.c
..\src\sqlite\sqlite3.c(39): warning C4081: expected 'newline'; found ';'
..\src\sqlite\sqlite3.c(6621): warning C4244: '=' : conversion from 'double' to 'int', possible loss of data
..\src\sqlite\sqlite3.c(6622): warning C4244: '=' : conversion from 'double' to 'int', possible loss of data
..\src\sqlite\sqlite3.c(6727): warning C4244: '=' : conversion from 'double' to 'int', possible loss of data
..\src\sqlite\sqlite3.c(6728): warning C4244: '=' : conversion from 'double' to 'int', possible loss of data
..\src\sqlite\sqlite3.c(6731): warning C4244: '=' : conversion from 'double' to 'int', possible loss of data
..\src\sqlite\sqlite3.c(6732): warning C4244: '=' : conversion from 'double' to 'int', possible loss of data
..\src\sqlite\sqlite3.c(6733): warning C4244: '=' : conversion from 'double' to 'int', possible loss of data
..\src\sqlite\sqlite3.c(6734): warning C4244: '=' : conversion from 'double' to 'int', possible loss of data
..\src\sqlite\sqlite3.c(6749): warning C4244: '=' : conversion from 'double' to 'int', possible loss of data
..\src\sqlite\sqlite3.c(6750): warning C4244: '=' : conversion from 'double' to 'int', possible loss of data
..\src\sqlite\sqlite3.c(6752): warning C4244: '=' : conversion from 'double' to 'int', possible loss of data
..\src\sqlite\sqlite3.c(6795): warning C4244: 'initializing' : conversion from 'double' to 'int', possible loss of data
..\src\sqlite\sqlite3.c(6801): warning C4244: '=' : conversion from 'double' to 'time_t', possible loss of data
..\src\sqlite\sqlite3.c(6912): warning C4244: '=' : conversion from 'double' to 'int', possible loss of data
..\src\sqlite\sqlite3.c(6918): warning C4244: '=' : conversion from 'double' to 'int', possible loss of data
..\src\sqlite\sqlite3.c(7010): warning C4244: '+=' : conversion from 'double' to 'int', possible loss of data
..\src\sqlite\sqlite3.c(7016): warning C4244: '=' : conversion from 'double' to 'int', possible loss of data
..\src\sqlite\sqlite3.c(7022): warning C4244: '+=' : conversion from 'double' to 'int', possible loss of data
..\src\sqlite\sqlite3.c(7210): warning C4244: 'argument' : conversion from 'sqlite::u64' to 'int', possible loss of data
..\src\sqlite\sqlite3.c(7238): warning C4244: '=' : conversion from 'double' to 'int', possible loss of data
..\src\sqlite\sqlite3.c(10821): warning C4244: '=' : conversion from 'sqlite::u64' to 'unsigned char', possible loss of data
..\src\sqlite\sqlite3.c(17300): warning C4244: 'argument' : conversion from 'sqlite::i64' to 'sqlite::LONG', possible loss of data
..\src\sqlite\sqlite3.c(18629): warning C4018: '<' : signed/unsigned mismatch
..\src\sqlite\sqlite3.c(19218): warning C4244: 'argument' : conversion from 'sqlite::i64' to 'int', possible loss of data
..\src\sqlite\sqlite3.c(19223): warning C4244: 'argument' : conversion from 'sqlite::i64' to 'int', possible loss of data
..\src\sqlite\sqlite3.c(19413): warning C4244: '=' : conversion from 'sqlite::i64' to 'sqlite::u32', possible loss of data
..\src\sqlite\sqlite3.c(19421): warning C4244: '=' : conversion from 'sqlite::i64' to 'sqlite::u32', possible loss of data
..\src\sqlite\sqlite3.c(19436): warning C4018: '<' : signed/unsigned mismatch
..\src\sqlite\sqlite3.c(19551): warning C4244: '=' : conversion from 'sqlite::i64' to 'sqlite::u32', possible loss of data
..\src\sqlite\sqlite3.c(19567): warning C4244: '=' : conversion from 'sqlite::i64' to 'sqlite::u32', possible loss of data
..\src\sqlite\sqlite3.c(19968): warning C4244: '=' : conversion from 'sqlite::i64' to 'int', possible loss of data
..\src\sqlite\sqlite3.c(19975): warning C4244: '=' : conversion from 'sqlite::i64' to 'sqlite::Pgno', possible loss of data
..\src\sqlite\sqlite3.c(19977): warning C4244: 'return' : conversion from 'sqlite::i64' to 'int', possible loss of data
..\src\sqlite\sqlite3.c(20080): warning C4018: '<=' : signed/unsigned mismatch
..\src\sqlite\sqlite3.c(20509): warning C4018: '<=' : signed/unsigned mismatch
..\src\sqlite\sqlite3.c(21667): warning C4018: '>' : signed/unsigned mismatch
..\src\sqlite\sqlite3.c(21885): warning C4018: '<=' : signed/unsigned mismatch
..\src\sqlite\sqlite3.c(23262): warning C4244: 'argument' : conversion from 'sqlite::i64' to 'int', possible loss of data
..\src\sqlite\sqlite3.c(23264): warning C4244: 'argument' : conversion from 'sqlite::i64' to 'sqlite::u32', possible loss of data
..\src\sqlite\sqlite3.c(23928): warning C4244: '=' : conversion from 'sqlite::u16' to 'unsigned char', possible loss of data
..\src\sqlite\sqlite3.c(24558): warning C4244: '=' : conversion from 'sqlite::u16' to 'unsigned char', possible loss of data
..\src\sqlite\sqlite3.c(25021): warning C4018: '>' : signed/unsigned mismatch
..\src\sqlite\sqlite3.c(25021): warning C4018: '<=' : signed/unsigned mismatch
..\src\sqlite\sqlite3.c(25632): warning C4018: '<=' : signed/unsigned mismatch
..\src\sqlite\sqlite3.c(25748): warning C4244: '=' : conversion from 'sqlite::i64' to 'sqlite::u32', possible loss of data
..\src\sqlite\sqlite3.c(25753): warning C4018: '>' : signed/unsigned mismatch
..\src\sqlite\sqlite3.c(25941): warning C4244: '=' : conversion from 'sqlite::i64' to 'sqlite::u32', possible loss of data
..\src\sqlite\sqlite3.c(25948): warning C4018: '>' : signed/unsigned mismatch
..\src\sqlite\sqlite3.c(26261): warning C4244: 'argument' : conversion from 'sqlite::i64' to 'int', possible loss of data
..\src\sqlite\sqlite3.c(26261): warning C4244: 'argument' : conversion from 'sqlite::i64' to 'int', possible loss of data
..\src\sqlite\sqlite3.c(26263): warning C4244: 'argument' : conversion from 'sqlite::i64' to 'int', possible loss of data
..\src\sqlite\sqlite3.c(26265): warning C4244: 'argument' : conversion from 'sqlite::i64' to 'sqlite::u32', possible loss of data
..\src\sqlite\sqlite3.c(26266): warning C4244: 'argument' : conversion from 'sqlite::i64' to 'int', possible loss of data
..\src\sqlite\sqlite3.c(26266): warning C4244: 'argument' : conversion from 'sqlite::i64' to 'int', possible loss of data
..\src\sqlite\sqlite3.c(26498): warning C4018: '<=' : signed/unsigned mismatch
..\src\sqlite\sqlite3.c(26634): warning C4018: '>' : signed/unsigned mismatch
..\src\sqlite\sqlite3.c(26810): warning C4018: '>' : signed/unsigned mismatch
..\src\sqlite\sqlite3.c(26879): warning C4244: '+=' : conversion from 'sqlite::i64' to 'int', possible loss of data
..\src\sqlite\sqlite3.c(26881): warning C4244: '=' : conversion from 'sqlite::i64' to 'int', possible loss of data
..\src\sqlite\sqlite3.c(27055): warning C4244: '=' : conversion from 'sqlite::u16' to 'sqlite::u8', possible loss of data
..\src\sqlite\sqlite3.c(27132): warning C4244: '=' : conversion from 'sqlite::u16' to 'sqlite::u8', possible loss of data
..\src\sqlite\sqlite3.c(28474): warning C4018: '>' : signed/unsigned mismatch
..\src\sqlite\sqlite3.c(28976): warning C4244: '+=' : conversion from 'sqlite::i64' to 'int', possible loss of data
..\src\sqlite\sqlite3.c(29610): warning C4244: '=' : conversion from 'sqlite::i64' to 'int', possible loss of data
..\src\sqlite\sqlite3.c(29617): warning C4244: 'argument' : conversion from 'sqlite::i64' to 'size_t', possible loss of data
..\src\sqlite\sqlite3.c(29620): warning C4244: '+=' : conversion from 'sqlite::i64' to 'int', possible loss of data
..\src\sqlite\sqlite3.c(29856): warning C4244: '=' : conversion from 'double' to 'sqlite::i64', possible loss of data
..\src\sqlite\sqlite3.c(29964): warning C4244: '+=' : conversion from 'sqlite::i64' to 'int', possible loss of data
..\src\sqlite\sqlite3.c(30140): warning C4244: '=' : conversion from 'const sqlite::i64' to 'double', possible loss of data
..\src\sqlite\sqlite3.c(30145): warning C4244: '=' : conversion from 'const sqlite::i64' to 'double', possible loss of data
..\src\sqlite\sqlite3.c(30492): warning C4244: 'return' : conversion from 'sqlite::i64' to 'int', possible loss of data
..\src\sqlite\sqlite3.c(32262): warning C4244: 'return' : conversion from 'sqlite::i64' to 'sqlite::u32', possible loss of data
..\src\sqlite\sqlite3.c(32278): warning C4244: '+=' : conversion from 'sqlite::i64' to 'int', possible loss of data
..\src\sqlite\sqlite3.c(32386): warning C4244: '+=' : conversion from 'sqlite::i64' to 'int', possible loss of data
..\src\sqlite\sqlite3.c(32551): warning C4018: '>=' : signed/unsigned mismatch
..\src\sqlite\sqlite3.c(32553): warning C4018: '>=' : signed/unsigned mismatch
..\src\sqlite\sqlite3.c(32578): warning C4018: '<' : signed/unsigned mismatch
..\src\sqlite\sqlite3.c(32580): warning C4018: '<' : signed/unsigned mismatch
..\src\sqlite\sqlite3.c(32624): warning C4244: 'argument' : conversion from 'sqlite::i64' to 'int', possible loss of data
..\src\sqlite\sqlite3.c(32663): warning C4244: 'argument' : conversion from 'sqlite::i64' to 'int', possible loss of data
..\src\sqlite\sqlite3.c(32770): warning C4244: 'return' : conversion from 'sqlite::i64' to 'int', possible loss of data
..\src\sqlite\sqlite3.c(32937): warning C4244: '=' : conversion from 'double' to 'sqlite::i64', possible loss of data
..\src\sqlite\sqlite3.c(32974): warning C4244: '=' : conversion from 'double' to 'sqlite::u64', possible loss of data
..\src\sqlite\sqlite3.c(34683): warning C4244: 'argument' : conversion from 'sqlite::i64' to 'int', possible loss of data
..\src\sqlite\sqlite3.c(34821): warning C4244: '=' : conversion from 'sqlite::i64' to 'double', possible loss of data
..\src\sqlite\sqlite3.c(35644): warning C4244: '=' : conversion from 'sqlite::i64' to 'sqlite::u32', possible loss of data
..\src\sqlite\sqlite3.c(35713): warning C4018: '>=' : signed/unsigned mismatch
..\src\sqlite\sqlite3.c(35731): warning C4018: '<' : signed/unsigned mismatch
..\src\sqlite\sqlite3.c(35746): warning C4018: '<' : signed/unsigned mismatch
..\src\sqlite\sqlite3.c(35929): warning C4244: '+=' : conversion from 'sqlite::i64' to 'int', possible loss of data
..\src\sqlite\sqlite3.c(35961): warning C4244: 'argument' : conversion from 'sqlite::u64' to 'int', possible loss of data
..\src\sqlite\sqlite3.c(35979): warning C4244: 'argument' : conversion from 'sqlite::u64' to 'int', possible loss of data
..\src\sqlite\sqlite3.c(35982): warning C4244: 'argument' : conversion from 'sqlite::u64' to 'int', possible loss of data
..\src\sqlite\sqlite3.c(35991): warning C4244: '=' : conversion from 'sqlite::u64' to 'int', possible loss of data
..\src\sqlite\sqlite3.c(35995): warning C4244: 'argument' : conversion from 'sqlite::u64' to 'size_t', possible loss of data
..\src\sqlite\sqlite3.c(36204): warning C4244: '=' : conversion from 'sqlite::i64' to 'int', possible loss of data
..\src\sqlite\sqlite3.c(36208): warning C4244: '=' : conversion from 'sqlite::i64' to 'sqlite::u8', possible loss of data
..\src\sqlite\sqlite3.c(36326): warning C4244: '=' : conversion from 'sqlite::i64' to 'int', possible loss of data
..\src\sqlite\sqlite3.c(36344): warning C4244: '=' : conversion from 'sqlite::i64' to 'int', possible loss of data
..\src\sqlite\sqlite3.c(37100): warning C4244: '=' : conversion from 'sqlite::i64' to 'int', possible loss of data
..\src\sqlite\sqlite3.c(37247): warning C4244: '=' : conversion from 'sqlite::i64' to 'sqlite::u32', possible loss of data
..\src\sqlite\sqlite3.c(37933): warning C4244: '=' : conversion from 'sqlite::i64' to 'int', possible loss of data
..\src\sqlite\sqlite3.c(37939): warning C4244: 'argument' : conversion from 'sqlite::i64' to 'int', possible loss of data
..\src\sqlite\sqlite3.c(38477): warning C4244: '=' : conversion from 'sqlite::i64' to 'int', possible loss of data
..\src\sqlite\sqlite3.c(38491): warning C4244: 'argument' : conversion from 'sqlite::i64' to 'int', possible loss of data
..\src\sqlite\sqlite3.c(48199): warning C4244: 'argument' : conversion from 'sqlite::i64' to 'int', possible loss of data
..\src\sqlite\sqlite3.c(48689): warning C4244: 'argument' : conversion from 'sqlite::u64' to 'int', possible loss of data
..\src\sqlite\sqlite3.c(48751): warning C4244: 'argument' : conversion from 'sqlite::i64' to 'int', possible loss of data
..\src\sqlite\sqlite3.c(61322): warning C4244: '=' : conversion from 'sqlite::u16' to 'unsigned char', possible loss of data
  syslog.c
..\src\sysloglib\syslog.c(1410): warning C4091: 'static ' : ignored on left of 'sack::logging::Log' when no variable is declared
  args.c
  spawntask.c
  system.c
..\src\systemlib\system.c(556): warning C4200: nonstandard extension used : zero-sized array in struct/union
          Cannot generate copy-ctor or copy-assignment operator when UDT contains a zero-sized array
..\src\systemlib\system.c(571): warning C4200: nonstandard extension used : zero-sized array in struct/union
          Cannot generate copy-ctor or copy-assignment operator when UDT contains a zero-sized array
  systray.c
  timers.c
  binarylist.c
  familytree.c
  input.c
  msgqueue.c
  sets.c
  text.c
..\src\typelib\text.c(2081): warning C4018: '<' : signed/unsigned mismatch
  typecode.c
  vectlib.c
..\src\vectlib\vectlib.c(831): warning C4244: 'initializing' : conversion from 'sack::_64' to 'sack::math::vector::RCOORD', possible loss of data
  key.c
  Generating Code...
m:\sack\src\typelib\text.c(2139): warning C4793: 'sack::containers::text::vtprintfEx' : function compiled as native :
  	varargs not supported under /clr
m:\sack\src\typelib\text.c(2141): warning C4793: 'sack::containers::text::vtprintfEx' : function compiled as native :
  	Found an intrinsic not supported in managed code
m:\sack\src\systemlib\system.c(537): warning C4793: 'sack::system::CallProgram' : function compiled as native :
  	varargs not supported under /clr
m:\sack\src\systemlib\spawntask.c(556): warning C4793: 'sack::system::pprintf' : function compiled as native :
  	varargs not supported under /clr
m:\sack\src\systemlib\spawntask.c(558): warning C4793: 'sack::system::pprintf' : function compiled as native :
  	Found an intrinsic not supported in managed code
m:\sack\src\sysloglib\syslog.c(233): warning C4793: 'sack::logging::GetCPUTick' : function compiled as native :
  	Inline native assembly not supported in managed code
m:\sack\src\sysloglib\syslog.c(1280): warning C4793: 'sack::logging::`anonymous namespace'::_null_lprintf' : function compiled as native :
  	varargs not supported under /clr
m:\sack\src\sysloglib\syslog.c(1273): warning C4793: 'sack::logging::`anonymous namespace'::_real_lprintf' : function compiled as native :
  	varargs not supported under /clr
m:\sack\src\sysloglib\syslog.c(1275): warning C4793: 'sack::logging::`anonymous namespace'::_real_lprintf' : function compiled as native :
  	Found an intrinsic not supported in managed code
m:\sack\src\sqlite\sqlite3.c(6477): warning C4793: 'sqlite::`anonymous namespace'::getDigits' : function compiled as native :
  	varargs not supported under /clr
m:\sack\src\sqlite\sqlite3.c(6486): warning C4793: 'sqlite::`anonymous namespace'::getDigits' : function compiled as native :
  	Found an intrinsic not supported in managed code
m:\sack\src\sqlite\sqlite3.c(6488): warning C4793: 'sqlite::`anonymous namespace'::getDigits' : function compiled as native :
  	Found an intrinsic not supported in managed code
m:\sack\src\sqlite\sqlite3.c(6489): warning C4793: 'sqlite::`anonymous namespace'::getDigits' : function compiled as native :
  	Found an intrinsic not supported in managed code
m:\sack\src\sqlite\sqlite3.c(6490): warning C4793: 'sqlite::`anonymous namespace'::getDigits' : function compiled as native :
  	Found an intrinsic not supported in managed code
m:\sack\src\sqlite\sqlite3.c(6491): warning C4793: 'sqlite::`anonymous namespace'::getDigits' : function compiled as native :
  	Found an intrinsic not supported in managed code
m:\sack\src\sqlite\sqlite3.c(6492): warning C4793: 'sqlite::`anonymous namespace'::getDigits' : function compiled as native :
  	Found an intrinsic not supported in managed code
m:\sack\src\sqlite\sqlite3.c(6509): warning C4793: 'sqlite::`anonymous namespace'::getDigits' : function compiled as native :
  	Found an intrinsic not supported in managed code
m:\sack\src\sqlite\sqlite3.c(9219): warning C4793: 'sqlite::sqlite3_snprintf' : function compiled as native :
  	varargs not supported under /clr
m:\sack\src\sqlite\sqlite3.c(9227): warning C4793: 'sqlite::sqlite3_snprintf' : function compiled as native :
  	Found an intrinsic not supported in managed code
m:\sack\src\sqlite\sqlite3.c(9229): warning C4793: 'sqlite::sqlite3_snprintf' : function compiled as native :
  	Found an intrinsic not supported in managed code
m:\sack\src\sqlite\sqlite3.c(9204): warning C4793: 'sqlite::sqlite3_mprintf' : function compiled as native :
  	varargs not supported under /clr
m:\sack\src\sqlite\sqlite3.c(9207): warning C4793: 'sqlite::sqlite3_mprintf' : function compiled as native :
  	Found an intrinsic not supported in managed code
m:\sack\src\sqlite\sqlite3.c(9209): warning C4793: 'sqlite::sqlite3_mprintf' : function compiled as native :
  	Found an intrinsic not supported in managed code
m:\sack\src\sqlite\sqlite3.c(8273): warning C4793: 'sqlite::`anonymous namespace'::sqlite3SetString' : function compiled as native :
  	varargs not supported under /clr
m:\sack\src\sqlite\sqlite3.c(8281): warning C4793: 'sqlite::`anonymous namespace'::sqlite3SetString' : function compiled as native :
  	Found an intrinsic not supported in managed code
m:\sack\src\sqlite\sqlite3.c(8282): warning C4793: 'sqlite::`anonymous namespace'::sqlite3SetString' : function compiled as native :
  	Found an intrinsic not supported in managed code
m:\sack\src\sqlite\sqlite3.c(8285): warning C4793: 'sqlite::`anonymous namespace'::sqlite3SetString' : function compiled as native :
  	Found an intrinsic not supported in managed code
m:\sack\src\sqlite\sqlite3.c(8292): warning C4793: 'sqlite::`anonymous namespace'::sqlite3SetString' : function compiled as native :
  	Found an intrinsic not supported in managed code
m:\sack\src\sqlite\sqlite3.c(8293): warning C4793: 'sqlite::`anonymous namespace'::sqlite3SetString' : function compiled as native :
  	Found an intrinsic not supported in managed code
m:\sack\src\sqlite\sqlite3.c(8299): warning C4793: 'sqlite::`anonymous namespace'::sqlite3SetString' : function compiled as native :
  	Found an intrinsic not supported in managed code
m:\sack\src\sqlite\sqlite3.c(8651): warning C4793: 'sqlite::`anonymous namespace'::vxprintf' : function compiled as native :
  	Found an intrinsic not supported in managed code
m:\sack\src\sqlite\sqlite3.c(8671): warning C4793: 'sqlite::`anonymous namespace'::vxprintf' : function compiled as native :
  	Found an intrinsic not supported in managed code
m:\sack\src\sqlite\sqlite3.c(8749): warning C4793: 'sqlite::`anonymous namespace'::vxprintf' : function compiled as native :
  	Found an intrinsic not supported in managed code
m:\sack\src\sqlite\sqlite3.c(8750): warning C4793: 'sqlite::`anonymous namespace'::vxprintf' : function compiled as native :
  	Found an intrinsic not supported in managed code
m:\sack\src\sqlite\sqlite3.c(8751): warning C4793: 'sqlite::`anonymous namespace'::vxprintf' : function compiled as native :
  	Found an intrinsic not supported in managed code
m:\sack\src\sqlite\sqlite3.c(8762): warning C4793: 'sqlite::`anonymous namespace'::vxprintf' : function compiled as native :
  	Found an intrinsic not supported in managed code
m:\sack\src\sqlite\sqlite3.c(8763): warning C4793: 'sqlite::`anonymous namespace'::vxprintf' : function compiled as native :
  	Found an intrinsic not supported in managed code
m:\sack\src\sqlite\sqlite3.c(8764): warning C4793: 'sqlite::`anonymous namespace'::vxprintf' : function compiled as native :
  	Found an intrinsic not supported in managed code
m:\sack\src\sqlite\sqlite3.c(8796): warning C4793: 'sqlite::`anonymous namespace'::vxprintf' : function compiled as native :
  	Found an intrinsic not supported in managed code
m:\sack\src\sqlite\sqlite3.c(8947): warning C4793: 'sqlite::`anonymous namespace'::vxprintf' : function compiled as native :
  	Found an intrinsic not supported in managed code
m:\sack\src\sqlite\sqlite3.c(8956): warning C4793: 'sqlite::`anonymous namespace'::vxprintf' : function compiled as native :
  	Found an intrinsic not supported in managed code
m:\sack\src\sqlite\sqlite3.c(8967): warning C4793: 'sqlite::`anonymous namespace'::vxprintf' : function compiled as native :
  	Found an intrinsic not supported in managed code
m:\sack\src\sqlite\sqlite3.c(8985): warning C4793: 'sqlite::`anonymous namespace'::vxprintf' : function compiled as native :
  	Found an intrinsic not supported in managed code
m:\sack\src\sqlite\sqlite3.c(9013): warning C4793: 'sqlite::`anonymous namespace'::vxprintf' : function compiled as native :
  	Found an intrinsic not supported in managed code
m:\sack\src\sqlite\sqlite3.c(9021): warning C4793: 'sqlite::`anonymous namespace'::vxprintf' : function compiled as native :
  	Found an intrinsic not supported in managed code
m:\sack\src\sqlite\sqlite3.c(9022): warning C4793: 'sqlite::`anonymous namespace'::vxprintf' : function compiled as native :
  	Found an intrinsic not supported in managed code
m:\sack\src\sqlite\sqlite3.c(9181): warning C4793: 'sqlite::`anonymous namespace'::sqlite3MPrintf' : function compiled as native :
  	varargs not supported under /clr
m:\sack\src\sqlite\sqlite3.c(9185): warning C4793: 'sqlite::`anonymous namespace'::sqlite3MPrintf' : function compiled as native :
  	Found an intrinsic not supported in managed code
m:\sack\src\sqlite\sqlite3.c(9187): warning C4793: 'sqlite::`anonymous namespace'::sqlite3MPrintf' : function compiled as native :
  	Found an intrinsic not supported in managed code
m:\sack\src\sqlite\sqlite3.c(10375): warning C4793: 'sqlite::`anonymous namespace'::sqlite3Error' : function compiled as native :
  	varargs not supported under /clr
m:\sack\src\sqlite\sqlite3.c(10381): warning C4793: 'sqlite::`anonymous namespace'::sqlite3Error' : function compiled as native :
  	Found an intrinsic not supported in managed code
m:\sack\src\sqlite\sqlite3.c(10383): warning C4793: 'sqlite::`anonymous namespace'::sqlite3Error' : function compiled as native :
  	Found an intrinsic not supported in managed code
m:\sack\src\sqlite\sqlite3.c(10408): warning C4793: 'sqlite::`anonymous namespace'::sqlite3ErrorMsg' : function compiled as native :
  	varargs not supported under /clr
m:\sack\src\sqlite\sqlite3.c(10412): warning C4793: 'sqlite::`anonymous namespace'::sqlite3ErrorMsg' : function compiled as native :
  	Found an intrinsic not supported in managed code
m:\sack\src\sqlite\sqlite3.c(10414): warning C4793: 'sqlite::`anonymous namespace'::sqlite3ErrorMsg' : function compiled as native :
  	Found an intrinsic not supported in managed code
m:\sack\src\sqlite\sqlite3.c(28760): warning C4793: 'sqlite::`anonymous namespace'::checkAppendMsg' : function compiled as native :
  	varargs not supported under /clr
m:\sack\src\sqlite\sqlite3.c(28766): warning C4793: 'sqlite::`anonymous namespace'::checkAppendMsg' : function compiled as native :
  	Found an intrinsic not supported in managed code
m:\sack\src\sqlite\sqlite3.c(28768): warning C4793: 'sqlite::`anonymous namespace'::checkAppendMsg' : function compiled as native :
  	Found an intrinsic not supported in managed code
m:\sack\src\sqlite\sqlite3.c(43746): warning C4793: 'sqlite::`anonymous namespace'::sqlite3NestedParse' : function compiled as native :
  	varargs not supported under /clr
m:\sack\src\sqlite\sqlite3.c(43754): warning C4793: 'sqlite::`anonymous namespace'::sqlite3NestedParse' : function compiled as native :
  	Found an intrinsic not supported in managed code
m:\sack\src\sqlite\sqlite3.c(43756): warning C4793: 'sqlite::`anonymous namespace'::sqlite3NestedParse' : function compiled as native :
  	Found an intrinsic not supported in managed code
  Compiling...
  keydefs.c
  opengl.c
  vidlib.c
  adler32.c
  compress.c
  crc32.c
  deflate.c
  gzio.c
  infback.c
  inffast.c
  inflate.c
  inftrees.c
  trees.c
  uncompr.c
  zutil.c
  Generating Code...
m:\sack\src\zlib-1.2.3\gzio.c(604): warning C4793: 'gzprintf' : function compiled as native :
  	varargs not supported under /clr
m:\sack\src\zlib-1.2.3\gzio.c(610): warning C4793: 'gzprintf' : function compiled as native :
  	Found an intrinsic not supported in managed code
m:\sack\src\zlib-1.2.3\gzio.c(628): warning C4793: 'gzprintf' : function compiled as native :
  	Found an intrinsic not supported in managed code
m:\sack\src\vidlib\vidlib.c(4517): warning C4793: 'sack::image::render::CreateActiveMessage' : function compiled as native :
  	varargs not supported under /clr
C:\Program Files (x86)\MSBuild\Microsoft.Cpp\v4.0\Microsoft.CppBuild.targets(935,5): warning MSB8012: TargetPath(M:\trunk\xperdex\\output\debug\sack_bag.dll) does not match the Linker's OutputFile property value (M:\trunk\xperdex\output\debug\sack_bag.dll). This may cause your project to build incorrectly. To correct this, please make sure that $(OutDir), $(TargetName) and $(TargetExt) property values match the value specified in %(Link.OutputFile).
     Creating library M:\trunk\xperdex\\output\debug\sack_bag.lib and object M:\trunk\xperdex\\output\debug\sack_bag.exp
sqlite3.obj : warning LNK4248: unresolved typeref token (01000012) for 'sqlite.sqlite3_stmt'; image may not run
sqlstub.obj : warning LNK4248: unresolved typeref token (0100001E) for 'sqlite.sqlite3_stmt'; image may not run
sqlite3.obj : warning LNK4248: unresolved typeref token (01000013) for 'sqlite.sqlite3_blob'; image may not run
pshinter.obj : warning LNK4248: unresolved typeref token (01000011) for 'T2_HintsRec_'; image may not run
cff.obj : warning LNK4248: unresolved typeref token (01000012) for 'T2_HintsRec_'; image may not run
smooth.obj : warning LNK4248: unresolved typeref token (01000010) for 'FT_RasterRec_'; image may not run
raster.obj : warning LNK4248: unresolved typeref token (01000012) for 'FT_RasterRec_'; image may not run
ftbase.obj : warning LNK4248: unresolved typeref token (01000011) for 'FT_RasterRec_'; image may not run
ftbase.obj : warning LNK4248: unresolved typeref token (01000015) for 'FT_AutoHinterRec_'; image may not run
ftcache.obj : warning LNK4248: unresolved typeref token (01000010) for 'FTC_CMapCacheRec_'; image may not run
ftcache.obj : warning LNK4248: unresolved typeref token (01000011) for 'FTC_ImageCacheRec_'; image may not run
ftcache.obj : warning LNK4248: unresolved typeref token (01000012) for 'FTC_SBitCacheRec_'; image may not run
pshinter.obj : warning LNK4248: unresolved typeref token (01000010) for 'T1_HintsRec_'; image may not run
psaux.obj : warning LNK4248: unresolved typeref token (01000011) for 'T1_HintsRec_'; image may not run
type1.obj : warning LNK4248: unresolved typeref token (01000010) for 'T1_DriverRec_'; image may not run
psicon.obj : warning LNK4248: unresolved typeref token (01000019) for 'sack.psi.popup.menu_tag'; image may not run
popups.obj : warning LNK4248: unresolved typeref token (01000010) for 'sack.psi.popup.menu_tag'; image may not run
ctlprop.obj : warning LNK4248: unresolved typeref token (0100001A) for 'sack.psi.popup.menu_tag'; image may not run
ctllistbox.obj : warning LNK4248: unresolved typeref token (01000012) for 'sack.psi.popup.menu_tag'; image may not run
psicon.obj : warning LNK4248: unresolved typeref token (0100001D) for 'sack.psi.popup.menuitem_tag'; image may not run
popups.obj : warning LNK4248: unresolved typeref token (01000011) for 'sack.psi.popup.menuitem_tag'; image may not run
ctlprop.obj : warning LNK4248: unresolved typeref token (01000015) for 'sack.psi.popup.menuitem_tag'; image may not run
  sack_bag.vcxproj -> M:\trunk\xperdex\\output\debug\sack_bag.dll
