14:45:13|bdata_controls@configscript.c(1642):Failed to open config file: host.address.conf
14:45:13|bdata_controls@bdata.c(46909632807038):Buffer was ...
14:45:13|bdata_controls@bdata.c(126):Error checking for connect is: 0
14:45:13|bdata_controls@bdata.c(127): 03 23 DA .#.
14:45:13|bdata_controls@bdata.c(128):buffer is now...
14:45:13|bdata_controls@bdata.c(129): 03 23 DA .#.
14:45:16|bdata_controls@tcpnetwork.c(266287972951):Read from reset connection - closing.

14:45:16|bdata_controls@network.c(3835151769487279016):Error checking for connect is: 0
14:45:16|bdata_controls@bdata.c(126):Buffer was ...
14:45:16|bdata_controls@bdata.c(127): 03 23 DA .#.
14:45:16|bdata_controls@bdata.c(128):buffer is now...
14:45:16|bdata_controls@bdata.c(129): 03 23 DA .#.
14:45:19|bdata_controls@tcpnetwork.c(266287972951):Read from reset connection - closing.

14:45:19|bdata_controls@network.c(3835151769487279016):Error checking for connect is: 0
14:45:19|bdata_controls@bdata.c(126):Buffer was ...
14:45:19|bdata_controls@bdata.c(127): 03 23 DA .#.
14:45:19|bdata_controls@bdata.c(128):buffer is now...
14:45:19|bdata_controls@bdata.c(129): 03 23 DA .#.
14:45:22|bdata_controls@tcpnetwork.c(266287972951):Read from reset connection - closing.

14:45:22|bdata_controls@network.c(3835151769487279016):Error checking for connect is: 0
14:45:22|bdata_controls@bdata.c(126):Buffer was ...
14:45:22|bdata_controls@bdata.c(127): 03 23 DA .#.
14:45:22|bdata_controls@bdata.c(128):buffer is now...
14:45:22|bdata_controls@bdata.c(129): 03 23 DA .#.
14:45:25|bdata_controls@tcpnetwork.c(266287972951):Read from reset connection - closing.

14:45:25|bdata_controls@network.c(3835151769487279016):Error checking for connect is: 0
14:45:25|bdata_controls@bdata.c(126):Buffer was ...
14:45:25|bdata_controls@bdata.c(127): 03 23 DA .#.
14:45:25|bdata_controls@bdata.c(128):buffer is now...
14:45:25|bdata_controls@bdata.c(129): 03 23 DA .#.
14:45:28|bdata_controls@tcpnetwork.c(266287972951):Read from reset connection - closing.

14:45:28|bdata_controls@network.c(3835151769487279016):Error checking for connect is: 0
14:45:28|bdata_controls@bdata.c(126):Buffer was ...
14:45:28|bdata_controls@bdata.c(127): 03 23 DA .#.
14:45:28|bdata_controls@bdata.c(128):buffer is now...
14:45:28|bdata_controls@bdata.c(129): 03 23 DA .#.
14:45:29|bdata_controls@timers.c(140733193388223):Destroy threads...
14:45:29|bdata_controls@sharemem.c(140733193388558):Space: 0x2aaaaaaac010 mem: 0x2aaaaaae4000-0x2aaaaab64000
14:45:29|bdata_controls@sharemem.c(140733193388559):Closing tracked space...
14:45:29|bdata_controls@sharemem.c(140733193388749):Closing a space...
14:45:29|bdata_controls@sharemem.c(140733193388572):unmaping space tracking structure...
